\BOOKMARK [1][-]{section.1}{\376\377\137\025\212\000}{}% 1
\BOOKMARK [2][-]{subsection.1.1}{\376\377\213\376\230\230\170\024\172\166\200\314\146\157\123\312\141\017\116\111}{section.1}% 2
\BOOKMARK [2][-]{subsection.1.2}{\376\377\126\375\121\205\131\026\170\024\172\166\163\260\162\266}{section.1}% 3
\BOOKMARK [2][-]{subsection.1.3}{\376\377\170\024\172\166\121\205\133\271}{section.1}% 4
\BOOKMARK [1][-]{section.2}{\376\377\000E\000p\000i\000-\000Q\000u\000a\000n\000t\136\163\123\360\173\200\217\360}{}% 5
\BOOKMARK [2][-]{subsection.2.1}{\376\377\155\101\172\013\173\200\217\360}{section.2}% 6
\BOOKMARK [2][-]{subsection.2.2}{\376\377\200\027\145\366\122\006\147\220}{section.2}% 7
\BOOKMARK [1][-]{section.3}{\376\377\000P\000y\000t\000h\000o\000n\136\166\210\114\123\237\164\006}{}% 8
\BOOKMARK [2][-]{subsection.3.1}{\376\377\116\062\210\114\124\214\136\166\210\114\166\204\123\237\164\006}{section.3}% 9
\BOOKMARK [2][-]{subsection.3.2}{\376\377\131\032\176\277\172\013\123\237\164\006}{section.3}% 10
\BOOKMARK [2][-]{subsection.3.3}{\376\377\131\032\176\277\172\013\123\237\164\006\135\345\117\134\155\101\172\013}{section.3}% 11
\BOOKMARK [2][-]{subsection.3.4}{\376\377\131\032\217\333\172\013\123\237\164\006}{section.3}% 12
\BOOKMARK [2][-]{subsection.3.5}{\376\377\131\032\217\333\172\013\135\345\117\134\155\101\172\013}{section.3}% 13
\BOOKMARK [1][-]{section.4}{\376\377\000E\000p\000i\000-\000Q\000u\000a\000n\000t\136\166\210\114\123\026\213\276\213\241}{}% 14
\BOOKMARK [2][-]{subsection.4.1}{\376\377\123\357\210\114\140\047\122\006\147\220}{section.4}% 15
\BOOKMARK [2][-]{subsection.4.2}{\376\377\136\166\210\114\172\013\136\217\213\276\213\241}{section.4}% 16
\BOOKMARK [3][-]{subsubsection.4.2.1}{\376\377\176\306\200\336\162\171\137\201\143\320\123\326\220\350\122\006\166\204\136\166\210\114\123\026}{subsection.4.2}% 17
\BOOKMARK [3][-]{subsubsection.4.2.2}{\376\377\176\306\200\336\122\006\174\173\220\350\122\006\166\204\136\166\210\114\123\026}{subsection.4.2}% 18
\BOOKMARK [3][-]{subsubsection.4.2.3}{\376\377\176\306\200\336\217\375\216\052\220\350\122\006\166\204\136\166\210\114\123\026}{subsection.4.2}% 19
\BOOKMARK [1][-]{section.5}{\376\377\136\166\210\114\213\241\173\227\133\236\232\214}{}% 20
\BOOKMARK [2][-]{subsection.5.1}{\376\377\133\236\232\214\166\356\166\204}{section.5}% 21
\BOOKMARK [2][-]{subsection.5.2}{\376\377\133\236\232\214\163\257\130\203}{section.5}% 22
\BOOKMARK [2][-]{subsection.5.3}{\376\377\133\236\232\214\176\323\147\234}{section.5}% 23
\BOOKMARK [3][-]{subsubsection.5.3.1}{\376\377\176\306\200\336\162\171\137\201\143\320\123\326\136\166\210\114\123\026\176\323\147\234}{subsection.5.3}% 24
\BOOKMARK [3][-]{subsubsection.5.3.2}{\376\377\176\306\200\336\122\006\174\173\136\166\210\114\123\026\176\323\147\234}{subsection.5.3}% 25
\BOOKMARK [3][-]{subsubsection.5.3.3}{\376\377\176\306\200\336\217\375\216\052\136\166\210\114\123\026\176\323\147\234}{subsection.5.3}% 26
\BOOKMARK [2][-]{subsection.5.4}{\376\377\176\323\147\234\122\006\147\220}{section.5}% 27
\BOOKMARK [2][-]{subsection.5.5}{\376\377\133\236\232\214\176\323\213\272\116\016\134\125\147\033}{section.5}% 28
\BOOKMARK [0][-]{subsection.5.5}{\376\377\123\302\200\003\145\207\163\056}{}% 29
\BOOKMARK [0][-]{subsection.5.5}{\376\377\201\364\214\042}{}% 30
